{
  "stats": {
    "suites": 3,
    "tests": 23,
    "passes": 23,
    "pending": 0,
    "failures": 0,
    "start": "2020-07-19T22:40:12.400Z",
    "end": "2020-07-19T22:40:12.400Z",
    "duration": 222324,
    "testsRegistered": 23,
    "passPercent": 100,
    "pendingPercent": 0,
    "other": 0,
    "hasOther": false,
    "skipped": 0,
    "hasSkipped": false
  },
  "results": [
    {
      "uuid": "589c9c74-e4cd-441e-b9de-71a8f836e266",
      "title": "",
      "fullFile": "cypress/integration/home.spec.js",
      "file": "cypress/integration/home.spec.js",
      "beforeHooks": [],
      "afterHooks": [],
      "tests": [],
      "suites": [
        {
          "uuid": "eb62d6c8-9ec9-4721-8d2b-61a6f9ec66ff",
          "title": "Home",
          "fullFile": "",
          "file": "",
          "beforeHooks": [],
          "afterHooks": [],
          "tests": [],
          "suites": [
            {
              "uuid": "199b351c-326a-49e0-9eb6-d479ea42afce",
              "title": "Search Company Name",
              "fullFile": "",
              "file": "",
              "beforeHooks": [],
              "afterHooks": [],
              "tests": [
                {
                  "title": "See PicPay jobs",
                  "fullTitle": "Home Search Company Name See PicPay jobs",
                  "timedOut": null,
                  "duration": 17916,
                  "state": "passed",
                  "speed": "slow",
                  "pass": true,
                  "fail": false,
                  "pending": false,
                  "context": null,
                  "code": "_home[\"default\"].searchCompanyName();\n_home[\"default\"].validateOptions('See jobs');",
                  "err": {},
                  "uuid": "284857b0-c25a-4d71-9ef8-d4f3ac50de23",
                  "parentUUID": "199b351c-326a-49e0-9eb6-d479ea42afce",
                  "isHook": false,
                  "skipped": false
                },
                {
                  "title": "See login to the picpay page",
                  "fullTitle": "Home Search Company Name See login to the picpay page",
                  "timedOut": null,
                  "duration": 6428,
                  "state": "passed",
                  "speed": "slow",
                  "pass": true,
                  "fail": false,
                  "pending": false,
                  "context": null,
                  "code": "_home[\"default\"].searchCompanyName();\n_home[\"default\"].validateOptions('Platform login');",
                  "err": {},
                  "uuid": "f77faeff-e5d8-49fb-8d0a-98bd3467efc9",
                  "parentUUID": "199b351c-326a-49e0-9eb6-d479ea42afce",
                  "isHook": false,
                  "skipped": false
                }
              ],
              "suites": [],
              "passes": [
                "284857b0-c25a-4d71-9ef8-d4f3ac50de23",
                "f77faeff-e5d8-49fb-8d0a-98bd3467efc9"
              ],
              "failures": [],
              "pending": [],
              "skipped": [],
              "duration": 24344,
              "root": false,
              "rootEmpty": false,
              "_timeout": 2000
            }
          ],
          "passes": [],
          "failures": [],
          "pending": [],
          "skipped": [],
          "duration": 0,
          "root": false,
          "rootEmpty": false,
          "_timeout": 2000
        }
      ],
      "passes": [],
      "failures": [],
      "pending": [],
      "skipped": [],
      "duration": 0,
      "root": true,
      "rootEmpty": true,
      "_timeout": 2000
    },
    {
      "uuid": "f8ab630c-55ee-45a6-b6f8-c608b80035d2",
      "title": "",
      "fullFile": "cypress/integration/jobs.spec.js",
      "file": "cypress/integration/jobs.spec.js",
      "beforeHooks": [],
      "afterHooks": [],
      "tests": [],
      "suites": [
        {
          "uuid": "99e1fb61-a497-4dbb-98ac-12b3a964b0f5",
          "title": "Jobs",
          "fullFile": "",
          "file": "",
          "beforeHooks": [],
          "afterHooks": [],
          "tests": [],
          "suites": [
            {
              "uuid": "f874d029-7a49-4d84-b20e-6c6dfee4847e",
              "title": "See jobs",
              "fullFile": "",
              "file": "",
              "beforeHooks": [],
              "afterHooks": [],
              "tests": [
                {
                  "title": "See job details",
                  "fullTitle": "Jobs See jobs See job details",
                  "timedOut": null,
                  "duration": 31002,
                  "state": "passed",
                  "speed": "slow",
                  "pass": true,
                  "fail": false,
                  "pending": false,
                  "context": null,
                  "code": "_signin[\"default\"].visitSignIn();\n_signin[\"default\"].signupWeb();\n_jobs[\"default\"].clickOpportunityPage();\n_jobs[\"default\"].applyJob();",
                  "err": {},
                  "uuid": "b373f26a-39bf-4ce1-b521-d8798eaa6358",
                  "parentUUID": "f874d029-7a49-4d84-b20e-6c6dfee4847e",
                  "isHook": false,
                  "skipped": false
                }
              ],
              "suites": [],
              "passes": [
                "b373f26a-39bf-4ce1-b521-d8798eaa6358"
              ],
              "failures": [],
              "pending": [],
              "skipped": [],
              "duration": 31002,
              "root": false,
              "rootEmpty": false,
              "_timeout": 2000
            }
          ],
          "passes": [],
          "failures": [],
          "pending": [],
          "skipped": [],
          "duration": 0,
          "root": false,
          "rootEmpty": false,
          "_timeout": 2000
        }
      ],
      "passes": [],
      "failures": [],
      "pending": [],
      "skipped": [],
      "duration": 0,
      "root": true,
      "rootEmpty": true,
      "_timeout": 2000
    },
    {
      "uuid": "f2d2f06f-05f1-4e90-a51d-494270b80bd5",
      "title": "",
      "fullFile": "cypress/integration/signin.spec.js",
      "file": "cypress/integration/signin.spec.js",
      "beforeHooks": [],
      "afterHooks": [],
      "tests": [],
      "suites": [
        {
          "uuid": "6b763f8f-0210-454e-af3c-fdc1cc967c8d",
          "title": "Sign in",
          "fullFile": "",
          "file": "",
          "beforeHooks": [],
          "afterHooks": [],
          "tests": [],
          "suites": [
            {
              "uuid": "10bea2f7-29dc-4048-a1c9-91441595123b",
              "title": "Create Account",
              "fullFile": "",
              "file": "",
              "beforeHooks": [],
              "afterHooks": [],
              "tests": [
                {
                  "title": "Create account successfully",
                  "fullTitle": "Sign in Create Account Create account successfully",
                  "timedOut": null,
                  "duration": 30135,
                  "state": "passed",
                  "speed": "slow",
                  "pass": true,
                  "fail": false,
                  "pending": false,
                  "context": null,
                  "code": "_signin[\"default\"].visitSignIn();\n_signin[\"default\"].createAccount();\n_signin[\"default\"].fillName();\n_signin[\"default\"].fillLastName();\n_signin[\"default\"].fillCpf('valid cpf');\n_signin[\"default\"].fillEmailAndEmailConfirmation('valid email');\n_signin[\"default\"].fillPassword();\n_signin[\"default\"].useTerms();\n_signin[\"default\"].createAccountButton();\n_signin[\"default\"].signinSuccessful();\n_signin[\"default\"].assertionXhr(200);",
                  "err": {},
                  "uuid": "45186d86-90cf-46a2-94fc-a33032e0346b",
                  "parentUUID": "10bea2f7-29dc-4048-a1c9-91441595123b",
                  "isHook": false,
                  "skipped": false
                },
                {
                  "title": "Error when not accepting terms of use",
                  "fullTitle": "Sign in Create Account Error when not accepting terms of use",
                  "timedOut": null,
                  "duration": 5213,
                  "state": "passed",
                  "speed": "slow",
                  "pass": true,
                  "fail": false,
                  "pending": false,
                  "context": null,
                  "code": "_signin[\"default\"].visitSignIn();\n_signin[\"default\"].createAccount();\n_signin[\"default\"].fillName();\n_signin[\"default\"].fillLastName();\n_signin[\"default\"].fillCpf('valid cpf');\n_signin[\"default\"].fillEmailAndEmailConfirmation('valid email');\n_signin[\"default\"].fillPassword();\n_signin[\"default\"].createAccountButton();\n_signin[\"default\"].errorfulSignin('failed', 'use terms');",
                  "err": {},
                  "uuid": "32b66896-4bb7-4c06-9cb8-c35700ede7de",
                  "parentUUID": "10bea2f7-29dc-4048-a1c9-91441595123b",
                  "isHook": false,
                  "skipped": false
                },
                {
                  "title": "Error when create account with blank field",
                  "fullTitle": "Sign in Create Account Error when create account with blank field",
                  "timedOut": null,
                  "duration": 1913,
                  "state": "passed",
                  "speed": "slow",
                  "pass": true,
                  "fail": false,
                  "pending": false,
                  "context": null,
                  "code": "_signin[\"default\"].visitSignIn();\n_signin[\"default\"].createAccount();\n_signin[\"default\"].createAccountButton();\n_signin[\"default\"].errorfulSignin('failed', 'input');",
                  "err": {},
                  "uuid": "8c80fed0-bd0c-4458-9763-f34492b70aae",
                  "parentUUID": "10bea2f7-29dc-4048-a1c9-91441595123b",
                  "isHook": false,
                  "skipped": false
                },
                {
                  "title": "Error invalid cpf",
                  "fullTitle": "Sign in Create Account Error invalid cpf",
                  "timedOut": null,
                  "duration": 16367,
                  "state": "passed",
                  "speed": "slow",
                  "pass": true,
                  "fail": false,
                  "pending": false,
                  "context": null,
                  "code": "_signin[\"default\"].visitSignIn();\n_signin[\"default\"].createAccount();\n_signin[\"default\"].fillName();\n_signin[\"default\"].fillLastName();\n_signin[\"default\"].fillCpf('invalid cpf');\n_signin[\"default\"].fillEmailAndEmailConfirmation('valid email');\n_signin[\"default\"].fillPassword();\n_signin[\"default\"].useTerms();\n_signin[\"default\"].createAccountButton();\n_signin[\"default\"].errorfulSignin('error');\n_signin[\"default\"].errorData('invalid cpf');",
                  "err": {},
                  "uuid": "22f04da5-09a8-4b08-af90-ddfee02c7811",
                  "parentUUID": "10bea2f7-29dc-4048-a1c9-91441595123b",
                  "isHook": false,
                  "skipped": false
                },
                {
                  "title": "Error cpf already registered",
                  "fullTitle": "Sign in Create Account Error cpf already registered",
                  "timedOut": null,
                  "duration": 17759,
                  "state": "passed",
                  "speed": "slow",
                  "pass": true,
                  "fail": false,
                  "pending": false,
                  "context": null,
                  "code": "_signin[\"default\"].visitSignIn();\n_signin[\"default\"].createAccount();\n_signin[\"default\"].fillName();\n_signin[\"default\"].fillLastName();\n_signin[\"default\"].fillCpf('cpf already registered');\n_signin[\"default\"].fillEmailAndEmailConfirmation('valid email');\n_signin[\"default\"].fillPassword();\n_signin[\"default\"].useTerms();\n_signin[\"default\"].createAccountButton();\n_signin[\"default\"].errorfulSignin('error');\n_signin[\"default\"].errorData('cpf already registered');\n_signin[\"default\"].assertionXhr(422);",
                  "err": {},
                  "uuid": "4f4c0818-7e30-4a1f-a811-fac3d3a41473",
                  "parentUUID": "10bea2f7-29dc-4048-a1c9-91441595123b",
                  "isHook": false,
                  "skipped": false
                },
                {
                  "title": "Error invalid email",
                  "fullTitle": "Sign in Create Account Error invalid email",
                  "timedOut": null,
                  "duration": 12542,
                  "state": "passed",
                  "speed": "slow",
                  "pass": true,
                  "fail": false,
                  "pending": false,
                  "context": null,
                  "code": "_signin[\"default\"].visitSignIn();\n_signin[\"default\"].createAccount();\n_signin[\"default\"].fillName();\n_signin[\"default\"].fillLastName();\n_signin[\"default\"].fillCpf('valid cpf');\n_signin[\"default\"].fillEmailAndEmailConfirmation('invalid email');\n_signin[\"default\"].fillPassword();\n_signin[\"default\"].useTerms();\n_signin[\"default\"].createAccountButton();\n_signin[\"default\"].errorfulSignin('error');\n_signin[\"default\"].errorData('invalid email');",
                  "err": {},
                  "uuid": "6697abbd-9f9b-4ff1-99fd-f765b9424502",
                  "parentUUID": "10bea2f7-29dc-4048-a1c9-91441595123b",
                  "isHook": false,
                  "skipped": false
                },
                {
                  "title": "Error email already registered",
                  "fullTitle": "Sign in Create Account Error email already registered",
                  "timedOut": null,
                  "duration": 12479,
                  "state": "passed",
                  "speed": "slow",
                  "pass": true,
                  "fail": false,
                  "pending": false,
                  "context": null,
                  "code": "_signin[\"default\"].visitSignIn();\n_signin[\"default\"].createAccount();\n_signin[\"default\"].fillName();\n_signin[\"default\"].fillLastName();\n_signin[\"default\"].fillCpf('valid cpf');\n_signin[\"default\"].fillEmailAndEmailConfirmation('email already registered');\n_signin[\"default\"].fillPassword();\n_signin[\"default\"].useTerms();\n_signin[\"default\"].createAccountButton();\n_signin[\"default\"].errorfulSignin('error');\n_signin[\"default\"].errorData('email already registered');\n_signin[\"default\"].assertionXhr(422);",
                  "err": {},
                  "uuid": "f1f89227-6410-47f7-a2e9-57d3ac11bddf",
                  "parentUUID": "10bea2f7-29dc-4048-a1c9-91441595123b",
                  "isHook": false,
                  "skipped": false
                },
                {
                  "title": "Error different email",
                  "fullTitle": "Sign in Create Account Error different email",
                  "timedOut": null,
                  "duration": 23024,
                  "state": "passed",
                  "speed": "slow",
                  "pass": true,
                  "fail": false,
                  "pending": false,
                  "context": null,
                  "code": "_signin[\"default\"].visitSignIn();\n_signin[\"default\"].createAccount();\n_signin[\"default\"].fillName();\n_signin[\"default\"].fillLastName();\n_signin[\"default\"].fillCpf('valid cpf');\n_signin[\"default\"].fillEmailAndEmailConfirmation('different email of the confirmation email');\n_signin[\"default\"].fillPassword();\n_signin[\"default\"].useTerms();\n_signin[\"default\"].createAccountButton();\n_signin[\"default\"].errorfulSignin('error');\n_signin[\"default\"].errorData('different email of the confirmation email');",
                  "err": {},
                  "uuid": "52477ce6-fcaa-4776-9f69-e0c341f8a396",
                  "parentUUID": "10bea2f7-29dc-4048-a1c9-91441595123b",
                  "isHook": false,
                  "skipped": false
                }
              ],
              "suites": [],
              "passes": [
                "45186d86-90cf-46a2-94fc-a33032e0346b",
                "32b66896-4bb7-4c06-9cb8-c35700ede7de",
                "8c80fed0-bd0c-4458-9763-f34492b70aae",
                "22f04da5-09a8-4b08-af90-ddfee02c7811",
                "4f4c0818-7e30-4a1f-a811-fac3d3a41473",
                "6697abbd-9f9b-4ff1-99fd-f765b9424502",
                "f1f89227-6410-47f7-a2e9-57d3ac11bddf",
                "52477ce6-fcaa-4776-9f69-e0c341f8a396"
              ],
              "failures": [],
              "pending": [],
              "skipped": [],
              "duration": 119432,
              "root": false,
              "rootEmpty": false,
              "_timeout": 2000
            },
            {
              "uuid": "d75fc926-7193-46b8-9805-0802406cbf0d",
              "title": "Login",
              "fullFile": "",
              "file": "",
              "beforeHooks": [],
              "afterHooks": [],
              "tests": [
                {
                  "title": "Successful Login",
                  "fullTitle": "Sign in Login Successful Login",
                  "timedOut": null,
                  "duration": 6178,
                  "state": "passed",
                  "speed": "slow",
                  "pass": true,
                  "fail": false,
                  "pending": false,
                  "context": null,
                  "code": "_signin[\"default\"].visitSignIn();\n_signin[\"default\"].fillEmail(\"\".concat(Cypress.env('email')));\n_signin[\"default\"].fillPass(\"\".concat(Cypress.env('password')));\n_signin[\"default\"].accessAccountButton();\n_signin[\"default\"].loginSuccessful();\n_signin[\"default\"].assertionXhr(200);",
                  "err": {},
                  "uuid": "16705bc0-1980-468c-8dd2-dfd5d8c53a20",
                  "parentUUID": "d75fc926-7193-46b8-9805-0802406cbf0d",
                  "isHook": false,
                  "skipped": false
                },
                {
                  "title": "Invalid email",
                  "fullTitle": "Sign in Login Invalid email",
                  "timedOut": null,
                  "duration": 5772,
                  "state": "passed",
                  "speed": "slow",
                  "pass": true,
                  "fail": false,
                  "pending": false,
                  "context": null,
                  "code": "_signin[\"default\"].visitSignIn();\n_signin[\"default\"].fillEmail('teste.teste.com');\n_signin[\"default\"].fillPassword(\"\".concat(Cypress.env('password')));\n_signin[\"default\"].accessAccountButton();\n_signin[\"default\"].signupError('invalid', 'Invalid Email or Password');\n_signin[\"default\"].assertionXhr(404);",
                  "err": {},
                  "uuid": "f71472e2-36c5-49d4-aca8-a57f6487e72b",
                  "parentUUID": "d75fc926-7193-46b8-9805-0802406cbf0d",
                  "isHook": false,
                  "skipped": false
                },
                {
                  "title": "Invalid password",
                  "fullTitle": "Sign in Login Invalid password",
                  "timedOut": null,
                  "duration": 6206,
                  "state": "passed",
                  "speed": "slow",
                  "pass": true,
                  "fail": false,
                  "pending": false,
                  "context": null,
                  "code": "_signin[\"default\"].visitSignIn();\n_signin[\"default\"].fillEmail(\"\".concat(Cypress.env('email')));\n_signin[\"default\"].fillPassword('blablabla1234');\n_signin[\"default\"].accessAccountButton();\n_signin[\"default\"].signupError('invalid', 'Invalid Email or Password');\n_signin[\"default\"].assertionXhr(404);",
                  "err": {},
                  "uuid": "653ea6a0-42a3-448c-aac7-2c4d284b2c40",
                  "parentUUID": "d75fc926-7193-46b8-9805-0802406cbf0d",
                  "isHook": false,
                  "skipped": false
                },
                {
                  "title": "Email not registered",
                  "fullTitle": "Sign in Login Email not registered",
                  "timedOut": null,
                  "duration": 1907,
                  "state": "passed",
                  "speed": "slow",
                  "pass": true,
                  "fail": false,
                  "pending": false,
                  "context": null,
                  "code": "_signin[\"default\"].visitSignIn();\n_signin[\"default\"].fillEmail('teste@blablabla.com');\n_signin[\"default\"].fillPassword(\"\".concat(Cypress.env('password')));\n_signin[\"default\"].accessAccountButton();\n_signin[\"default\"].signupError('invalid', 'Invalid Email or Password');\n_signin[\"default\"].assertionXhr(404);",
                  "err": {},
                  "uuid": "1e20caf2-534e-4e4d-98c9-a87dd62f4041",
                  "parentUUID": "d75fc926-7193-46b8-9805-0802406cbf0d",
                  "isHook": false,
                  "skipped": false
                },
                {
                  "title": "Error message blank password",
                  "fullTitle": "Sign in Login Error message blank password",
                  "timedOut": null,
                  "duration": 1451,
                  "state": "passed",
                  "speed": "slow",
                  "pass": true,
                  "fail": false,
                  "pending": false,
                  "context": null,
                  "code": "_signin[\"default\"].visitSignIn();\n_signin[\"default\"].fillEmail(\"\".concat(Cypress.env('email')));\n_signin[\"default\"].accessAccountButton();\n_signin[\"default\"].signupError('blank', 'Required field');",
                  "err": {},
                  "uuid": "a1496192-5776-4f60-94ce-7ad8ef7495a7",
                  "parentUUID": "d75fc926-7193-46b8-9805-0802406cbf0d",
                  "isHook": false,
                  "skipped": false
                },
                {
                  "title": "Error message blank email",
                  "fullTitle": "Sign in Login Error message blank email",
                  "timedOut": null,
                  "duration": 1392,
                  "state": "passed",
                  "speed": "slow",
                  "pass": true,
                  "fail": false,
                  "pending": false,
                  "context": null,
                  "code": "_signin[\"default\"].visitSignIn();\n_signin[\"default\"].fillPassword(\"\".concat(Cypress.env('password')));\n_signin[\"default\"].accessAccountButton();\n_signin[\"default\"].signupError('blank', 'Required field');",
                  "err": {},
                  "uuid": "9e500d5c-3685-44a5-8cd7-df008c92303e",
                  "parentUUID": "d75fc926-7193-46b8-9805-0802406cbf0d",
                  "isHook": false,
                  "skipped": false
                }
              ],
              "suites": [],
              "passes": [
                "16705bc0-1980-468c-8dd2-dfd5d8c53a20",
                "f71472e2-36c5-49d4-aca8-a57f6487e72b",
                "653ea6a0-42a3-448c-aac7-2c4d284b2c40",
                "1e20caf2-534e-4e4d-98c9-a87dd62f4041",
                "a1496192-5776-4f60-94ce-7ad8ef7495a7",
                "9e500d5c-3685-44a5-8cd7-df008c92303e"
              ],
              "failures": [],
              "pending": [],
              "skipped": [],
              "duration": 22906,
              "root": false,
              "rootEmpty": false,
              "_timeout": 2000
            },
            {
              "uuid": "b2ba7043-328e-4ed9-987e-7d98e38cd362",
              "title": "Password Recovery",
              "fullFile": "",
              "file": "",
              "beforeHooks": [],
              "afterHooks": [],
              "tests": [
                {
                  "title": "I forgot my password",
                  "fullTitle": "Sign in Password Recovery I forgot my password",
                  "timedOut": null,
                  "duration": 4723,
                  "state": "passed",
                  "speed": "slow",
                  "pass": true,
                  "fail": false,
                  "pending": false,
                  "context": null,
                  "code": "_signin[\"default\"].visitSignIn();\n_signin[\"default\"].forgotPassword('email');\n_signin[\"default\"].fillEmail(\"\".concat(Cypress.env('email')));\n_signin[\"default\"].buttonSubmitForgotPassword();\n_signin[\"default\"].forgotPasswordSuccessfully('email');",
                  "err": {},
                  "uuid": "af1058ab-6b56-4e51-905f-b54ca1e0b78e",
                  "parentUUID": "b2ba7043-328e-4ed9-987e-7d98e38cd362",
                  "isHook": false,
                  "skipped": false
                },
                {
                  "title": "I forgot my password with invalid email",
                  "fullTitle": "Sign in Password Recovery I forgot my password with invalid email",
                  "timedOut": null,
                  "duration": 8353,
                  "state": "passed",
                  "speed": "slow",
                  "pass": true,
                  "fail": false,
                  "pending": false,
                  "context": null,
                  "code": "_signin[\"default\"].visitSignIn();\n_signin[\"default\"].forgotPassword('email');\n_signin[\"default\"].fillEmail('teste.teste.com');\n_signin[\"default\"].buttonSubmitForgotPassword();\n_signin[\"default\"].signupError('error', 'This is not a valid email address');",
                  "err": {},
                  "uuid": "4e9a652c-0d80-492e-bd35-aaff8de1cd57",
                  "parentUUID": "b2ba7043-328e-4ed9-987e-7d98e38cd362",
                  "isHook": false,
                  "skipped": false
                },
                {
                  "title": "I forgot my password with blank email",
                  "fullTitle": "Sign in Password Recovery I forgot my password with blank email",
                  "timedOut": null,
                  "duration": 4511,
                  "state": "passed",
                  "speed": "slow",
                  "pass": true,
                  "fail": false,
                  "pending": false,
                  "context": null,
                  "code": "_signin[\"default\"].visitSignIn();\n_signin[\"default\"].forgotPassword('email');\n_signin[\"default\"].buttonSubmitForgotPassword();\n_signin[\"default\"].signupError('error', 'Required field');",
                  "err": {},
                  "uuid": "c2f03c76-61e9-4bbd-a7a1-3db54c4e1ad3",
                  "parentUUID": "b2ba7043-328e-4ed9-987e-7d98e38cd362",
                  "isHook": false,
                  "skipped": false
                },
                {
                  "title": "I forgot my password with cpf",
                  "fullTitle": "Sign in Password Recovery I forgot my password with cpf",
                  "timedOut": null,
                  "duration": 3444,
                  "state": "passed",
                  "speed": "slow",
                  "pass": true,
                  "fail": false,
                  "pending": false,
                  "context": null,
                  "code": "_signin[\"default\"].visitSignIn();\n_signin[\"default\"].forgotPassword('cpf');\n_signin[\"default\"].fillRegisteredCpf('84451011370');\n_signin[\"default\"].buttonSubmitForgotPassword();\n_signin[\"default\"].forgotPasswordSuccessfully('cpf');",
                  "err": {},
                  "uuid": "23b88fe8-7435-4d33-8b71-34028d173c1e",
                  "parentUUID": "b2ba7043-328e-4ed9-987e-7d98e38cd362",
                  "isHook": false,
                  "skipped": false
                },
                {
                  "title": "I forgot my password with invalid cpf",
                  "fullTitle": "Sign in Password Recovery I forgot my password with invalid cpf",
                  "timedOut": null,
                  "duration": 2685,
                  "state": "passed",
                  "speed": "slow",
                  "pass": true,
                  "fail": false,
                  "pending": false,
                  "context": null,
                  "code": "_signin[\"default\"].visitSignIn();\n_signin[\"default\"].forgotPassword('cpf');\n_signin[\"default\"].fillRegisteredCpf('00000000001');\n_signin[\"default\"].buttonSubmitForgotPassword();\n_signin[\"default\"].signupError('error', 'Invalid CPF');",
                  "err": {},
                  "uuid": "1f450c4e-b0ff-4655-9c5b-d40054d6a456",
                  "parentUUID": "b2ba7043-328e-4ed9-987e-7d98e38cd362",
                  "isHook": false,
                  "skipped": false
                },
                {
                  "title": "I forgot my password with blank cpf",
                  "fullTitle": "Sign in Password Recovery I forgot my password with blank cpf",
                  "timedOut": null,
                  "duration": 924,
                  "state": "passed",
                  "speed": "slow",
                  "pass": true,
                  "fail": false,
                  "pending": false,
                  "context": null,
                  "code": "_signin[\"default\"].visitSignIn();\n_signin[\"default\"].forgotPassword('cpf');\n_signin[\"default\"].buttonSubmitForgotPassword();\n_signin[\"default\"].signupError('error', 'Required field');",
                  "err": {},
                  "uuid": "166fa403-8615-4300-bc33-610d6f11740e",
                  "parentUUID": "b2ba7043-328e-4ed9-987e-7d98e38cd362",
                  "isHook": false,
                  "skipped": false
                }
              ],
              "suites": [],
              "passes": [
                "af1058ab-6b56-4e51-905f-b54ca1e0b78e",
                "4e9a652c-0d80-492e-bd35-aaff8de1cd57",
                "c2f03c76-61e9-4bbd-a7a1-3db54c4e1ad3",
                "23b88fe8-7435-4d33-8b71-34028d173c1e",
                "1f450c4e-b0ff-4655-9c5b-d40054d6a456",
                "166fa403-8615-4300-bc33-610d6f11740e"
              ],
              "failures": [],
              "pending": [],
              "skipped": [],
              "duration": 24640,
              "root": false,
              "rootEmpty": false,
              "_timeout": 2000
            }
          ],
          "passes": [],
          "failures": [],
          "pending": [],
          "skipped": [],
          "duration": 0,
          "root": false,
          "rootEmpty": false,
          "_timeout": 2000
        }
      ],
      "passes": [],
      "failures": [],
      "pending": [],
      "skipped": [],
      "duration": 0,
      "root": true,
      "rootEmpty": true,
      "_timeout": 2000
    }
  ],
  "meta": {
    "mocha": {
      "version": "7.0.1"
    },
    "mochawesome": {
      "options": {
        "quiet": false,
        "reportFilename": "mochawesome",
        "saveHtml": false,
        "saveJson": true,
        "consoleReporter": "spec",
        "useInlineDiffs": false,
        "code": true
      },
      "version": "6.1.1"
    },
    "marge": {
      "options": {
        "id": "default",
        "reportDir": "cypress/reports/mocha",
        "quite": true,
        "overwrite": false,
        "html": false,
        "json": true
      },
      "version": "5.1.0"
    }
  }
}